<?xml version="1.0" encoding="UTF-8"?>
<testsuite name="citadels.CitadelsTest" tests="5" skipped="0" failures="0" errors="0" timestamp="2025-05-24T13:41:25.691Z" hostname="Mac.lan" time="0.004">
  <properties/>
  <testcase name="testCardCreation()" classname="citadels.CitadelsTest" time="0.0"/>
  <testcase name="testPlayerGoldAndHand()" classname="citadels.CitadelsTest" time="0.0"/>
  <testcase name="testDeckDiscardedPile()" classname="citadels.CitadelsTest" time="0.001"/>
  <testcase name="testCharactersEnum()" classname="citadels.CitadelsTest" time="0.001"/>
  <testcase name="testGameStateInitialization()" classname="citadels.CitadelsTest" time="0.002"/>
  <system-out><![CDATA[]]></system-out>
  <system-err><![CDATA[]]></system-err>
</testsuite>
